TN:
SF:/Users/albertogonzalezlizan/Documents/Talks/TDD/tddtalk/src/polyfills.ts
FNF:0
FNH:0
LF:0
LH:0
BRF:0
BRH:0
end_of_record
TN:
SF:/Users/albertogonzalezlizan/Documents/Talks/TDD/tddtalk/src/test.ts
FNF:0
FNH:0
DA:13,1
DA:18,1
DA:20,1
LF:3
LH:3
BRF:0
BRH:0
end_of_record
TN:
SF:/Users/albertogonzalezlizan/Documents/Talks/TDD/tddtalk/src/app/app.component.ts
FN:15,(anonymous_0)
FN:19,(anonymous_1)
FN:26,(anonymous_2)
FN:52,(anonymous_3)
FNF:4
FNH:4
FNDA:7,(anonymous_0)
FNDA:1,(anonymous_1)
FNDA:21,(anonymous_2)
FNDA:5,(anonymous_3)
DA:9,1
DA:10,7
DA:11,7
DA:12,7
DA:13,7
DA:15,7
DA:20,1
DA:21,1
DA:22,1
DA:23,1
DA:27,21
DA:28,11
DA:29,11
DA:32,10
DA:37,5
DA:38,5
DA:39,5
DA:40,5
DA:42,5
DA:43,5
DA:44,5
DA:45,5
DA:47,0
DA:48,0
DA:53,5
DA:54,5
DA:56,2
DA:57,2
DA:59,1
DA:60,1
DA:62,1
DA:63,1
DA:65,1
DA:66,1
DA:68,5
LF:35
LH:33
BRDA:27,0,0,11
BRDA:27,0,1,10
BRDA:33,1,0,2
BRDA:33,1,1,3
BRDA:33,1,2,4
BRDA:33,1,3,5
BRDA:33,1,4,5
BRDA:33,1,5,0
BRDA:55,2,0,2
BRDA:55,2,1,1
BRDA:55,2,2,1
BRDA:55,2,3,1
BRF:12
BRH:11
end_of_record
TN:
SF:/Users/albertogonzalezlizan/Documents/Talks/TDD/tddtalk/src/app/service/engine.service.ts
FN:8,(anonymous_0)
FN:10,(anonymous_1)
FN:17,(anonymous_2)
FN:21,(anonymous_3)
FN:25,(anonymous_4)
FNF:5
FNH:5
FNDA:10,(anonymous_0)
FNDA:3,(anonymous_1)
FNDA:2,(anonymous_2)
FNDA:2,(anonymous_3)
FNDA:2,(anonymous_4)
DA:6,1
DA:12,3
DA:14,3
DA:18,2
DA:22,2
DA:26,2
LF:6
LH:6
BRDA:12,0,0,0
BRDA:12,0,1,3
BRF:2
BRH:1
end_of_record
